<?xml version="1.0" encoding="utf-8"?><testsuites><testsuite name="pytest" errors="0" failures="0" skipped="0" tests="35" time="0.536" timestamp="2025-03-21T17:29:42.980141+07:00" hostname="Tanias-MacBook-Pro-2.local"><testcase classname="tests.scripts.test_check_migration_patterns.TestCheckMigrationPatterns" name="test_detect_raw_sql_execution" time="0.004" /><testcase classname="tests.scripts.test_check_migration_patterns.TestCheckMigrationPatterns" name="test_detect_sql_injection_fstring" time="0.002" /><testcase classname="tests.scripts.test_check_migration_patterns.TestCheckMigrationPatterns" name="test_detect_datetime_in_fstring" time="0.002" /><testcase classname="tests.scripts.test_check_migration_patterns.TestCheckMigrationPatterns" name="test_missing_text_import" time="0.002" /><testcase classname="tests.scripts.test_check_migration_patterns.TestCheckMigrationPatterns" name="test_ast_analysis_direct_string" time="0.003" /><testcase classname="tests.scripts.test_check_migration_patterns.TestCheckMigrationPatterns" name="test_ast_analysis_fstring" time="0.002" /><testcase classname="tests.scripts.test_check_migration_patterns.TestCheckMigrationPatterns" name="test_ast_analysis_with_text_function" time="0.002" /><testcase classname="tests.scripts.test_check_migration_patterns.TestCheckMigrationPatterns" name="test_fix_recommendations" time="0.001" /><testcase classname="tests.scripts.test_check_migration_patterns.TestCheckMigrationPatterns" name="test_check_migration_file_integration" time="0.002" /><testcase classname="tests.scripts.test_pre_migration_check.TestPreMigrationCheck" name="test_verify_migration_sequence_valid" time="0.004" /><testcase classname="tests.scripts.test_pre_migration_check.TestPreMigrationCheck" name="test_verify_migration_sequence_invalid" time="0.005" /><testcase classname="tests.scripts.test_pre_migration_check.TestPreMigrationCheck" name="test_check_migration_patterns_success" time="0.003" /><testcase classname="tests.scripts.test_pre_migration_check.TestPreMigrationCheck" name="test_check_migration_patterns_failure" time="0.003" /><testcase classname="tests.scripts.test_pre_migration_check.TestPreMigrationCheck" name="test_run_command" time="0.003" /><testcase classname="tests.scripts.test_pre_migration_check.TestPreMigrationCheck" name="test_create_test_database" time="0.004" /><testcase classname="tests.scripts.test_pre_migration_check.TestPreMigrationCheck" name="test_cleanup_test_database" time="0.005" /><testcase classname="tests.scripts.test_pre_migration_check.TestPreMigrationCheck" name="test_simulate_migrations_success" time="0.007" /><testcase classname="tests.scripts.test_pre_migration_check.TestPreMigrationCheck" name="test_simulate_migrations_failure" time="0.013" /><testcase classname="tests.scripts.test_manage_migrations.TestManageMigrations" name="test_create_migration" time="0.001" /><testcase classname="tests.scripts.test_manage_migrations.TestManageMigrations" name="test_upgrade_database" time="0.002" /><testcase classname="tests.scripts.test_manage_migrations.TestManageMigrations" name="test_downgrade_database_confirmed" time="0.002" /><testcase classname="tests.scripts.test_manage_migrations.TestManageMigrations" name="test_downgrade_database_rejected" time="0.002" /><testcase classname="tests.scripts.test_manage_migrations.TestManageMigrations" name="test_downgrade_database_auto_yes" time="0.001" /><testcase classname="tests.scripts.test_manage_migrations.TestManageMigrations" name="test_show_history" time="0.001" /><testcase classname="tests.scripts.test_manage_migrations.TestManageMigrations" name="test_show_current" time="0.002" /><testcase classname="tests.scripts.test_manage_migrations.TestManageMigrations" name="test_verify_migrations_success" time="0.001" /><testcase classname="tests.scripts.test_manage_migrations.TestManageMigrations" name="test_verify_migrations_failure" time="0.001" /><testcase classname="tests.scripts.test_manage_migrations.TestManageMigrations" name="test_run_alembic_command_with_checks" time="0.003" /><testcase classname="tests.scripts.test_manage_migrations.TestManageMigrations" name="test_run_alembic_command_skip_checks" time="0.002" /><testcase classname="tests.scripts.test_manage_migrations.TestManageMigrations" name="test_run_alembic_command_failed_checks" time="0.001" /><testcase classname="tests.scripts.test_manage_migrations.TestManageMigrations" name="test_extract_revision_from_output" time="0.002" /><testcase classname="tests.scripts.test_manage_migrations.TestManageMigrations" name="test_run_pre_migration_checks_success" time="0.002" /><testcase classname="tests.scripts.test_manage_migrations.TestManageMigrations" name="test_run_pre_migration_checks_failure" time="0.001" /><testcase classname="tests.scripts.test_manage_migrations.TestManageMigrations" name="test_log_migration_operation" time="0.003" /><testcase classname="tests.scripts.test_manage_migrations.TestManageMigrations" name="test_log_migration_operation_no_table" time="0.003" /></testsuite></testsuites>